<component name="libraryTable">
  <library name="junit">
    <CLASSES>
      <root url="jar://$PROJECT_DIR$/../dependencies/junit/junit-jupiter-api-5.13.0-M1.jar!/" />
      <root url="jar://$PROJECT_DIR$/../dependencies/junit/junit-jupiter-engine-5.13.0-M1.jar!/" />
      <root url="jar://$PROJECT_DIR$/../dependencies/junit/junit-platform-launcher-1.13.0-M1.jar!/" />
      <root url="jar://$PROJECT_DIR$/../dependencies/junit/apiguardian-api-1.1.2.jar!/" />
      <root url="jar://$PROJECT_DIR$/../dependencies/junit/junit-platform-commons-1.13.0-M1.jar!/" />
      <root url="jar://$PROJECT_DIR$/../dependencies/junit/junit-platform-engine-1.13.0-M1.jar!/" />
      <root url="jar://$PROJECT_DIR$/../dependencies/junit/opentest4j-1.3.0.jar!/" />
    </CLASSES>
    <JAVADOC>
      <root url="jar://$PROJECT_DIR$/../dependencies/junit/junit-jupiter-api-5.13.0-M1-javadoc.jar!/" />
      <root url="jar://$PROJECT_DIR$/../dependencies/junit/junit-jupiter-engine-5.13.0-M1-javadoc.jar!/" />
      <root url="jar://$PROJECT_DIR$/../dependencies/junit/junit-platform-launcher-1.13.0-M1-javadoc.jar!/" />
      <root url="jar://$PROJECT_DIR$/../dependencies/junit/apiguardian-api-1.1.2-javadoc.jar!/" />
      <root url="jar://$PROJECT_DIR$/../dependencies/junit/junit-platform-commons-1.13.0-M1-javadoc.jar!/" />
      <root url="jar://$PROJECT_DIR$/../dependencies/junit/junit-platform-engine-1.13.0-M1-javadoc.jar!/" />
      <root url="jar://$PROJECT_DIR$/../dependencies/junit/opentest4j-1.3.0-javadoc.jar!/" />
    </JAVADOC>
    <SOURCES>
      <root url="jar://$PROJECT_DIR$/../dependencies/junit/junit-jupiter-api-5.13.0-M1-sources.jar!/" />
      <root url="jar://$PROJECT_DIR$/../dependencies/junit/junit-jupiter-api-5.13.0-M1-sources.jar!/" />
      <root url="jar://$PROJECT_DIR$/../dependencies/junit/junit-jupiter-engine-5.13.0-M1-sources.jar!/" />
      <root url="jar://$PROJECT_DIR$/../dependencies/junit/junit-platform-launcher-1.13.0-M1-sources.jar!/" />
      <root url="jar://$PROJECT_DIR$/../dependencies/junit/apiguardian-api-1.1.2-sources.jar!/" />
      <root url="jar://$PROJECT_DIR$/../dependencies/junit/junit-platform-commons-1.13.0-M1-sources.jar!/" />
      <root url="jar://$PROJECT_DIR$/../dependencies/junit/junit-platform-engine-1.13.0-M1-sources.jar!/" />
      <root url="jar://$PROJECT_DIR$/../dependencies/junit/opentest4j-1.3.0-sources.jar!/" />
    </SOURCES>
  </library>
</component>